🌱 Starting database seed...
📂 Loading recipes from: c:\Users\kinga\OneDrive\Dokumen\Gunadarma\Semester 8\Skripsi\Pengembangan PI\re-fit\recipes_data_unique_images.csv
📊 Found 984 recipes to import...
🗑️  Clearing existing recipes...
✅ Database cleared
   ✅ Imported 100 recipes...
   ✅ Imported 200 recipes...
   ✅ Imported 300 recipes...
   ✅ Imported 400 recipes...
   ✅ Imported 500 recipes...
   ✅ Imported 600 recipes...
   ✅ Imported 700 recipes...
   ✅ Imported 800 recipes...
   ✅ Imported 900 recipes...

✅ Seed completed!
   📈 Successfully imported: 984 recipes
   ⚠️  Errors: 0 recipes

🥗 Diet Type Distribution:
   - N/A: 983

🕒 Difficulty Distribution:
   - N/A: 983

💸 Cost Level Distribution:
   - N/A: 983

🍽️ Suitable For Distribution:
   - N/A: 983
